<?xml version="1.0" encoding="UTF-8"?>
<coverage generated="1709953819974" clover="3.2.0">
  <project timestamp="1709953819974" name="All files">
    <metrics statements="18" coveredstatements="18" conditionals="5" coveredconditionals="5" methods="3" coveredmethods="3" elements="26" coveredelements="26" complexity="0" loc="18" ncloc="18" packages="1" files="1" classes="1"/>
    <file name="treeUtils.ts" path="C:\Users\esecr\Documents\interview-problems-public\tree-node\src\util\treeUtils.ts">
      <metrics statements="18" coveredstatements="18" conditionals="5" coveredconditionals="5" methods="3" coveredmethods="3"/>
      <line num="24" count="1" type="stmt"/>
      <line num="25" count="2" type="stmt"/>
      <line num="26" count="2" type="stmt"/>
      <line num="27" count="2" type="stmt"/>
      <line num="29" count="2" type="cond" truecount="1" falsecount="0"/>
      <line num="30" count="2" type="stmt"/>
      <line num="33" count="2" type="stmt"/>
      <line num="34" count="25" type="stmt"/>
      <line num="35" count="25" type="stmt"/>
      <line num="37" count="25" type="cond" truecount="2" falsecount="0"/>
      <line num="38" count="9" type="stmt"/>
      <line num="39" count="37" type="stmt"/>
      <line num="40" count="16" type="cond" truecount="1" falsecount="0"/>
      <line num="41" count="69" type="stmt"/>
      <line num="44" count="25" type="cond" truecount="1" falsecount="0"/>
      <line num="45" count="24" type="stmt"/>
      <line num="46" count="23" type="stmt"/>
      <line num="51" count="2" type="stmt"/>
    </file>
  </project>
</coverage>
