<?xml version="1.0" encoding="UTF-8"?>
<coverage generated="1710099561421" clover="3.2.0">
  <project timestamp="1710099561421" name="All files">
    <metrics statements="20" coveredstatements="19" conditionals="7" coveredconditionals="6" methods="3" coveredmethods="3" elements="30" coveredelements="28" complexity="0" loc="20" ncloc="20" packages="1" files="1" classes="1"/>
    <file name="treeUtils.ts" path="C:\Users\esecr\Documents\interview-problems-public\tree-node\src\util\treeUtils.ts">
      <metrics statements="20" coveredstatements="19" conditionals="7" coveredconditionals="6" methods="3" coveredmethods="3"/>
      <line num="20" count="2" type="stmt"/>
      <line num="21" count="3" type="cond" truecount="0" falsecount="1"/>
      <line num="22" count="0" type="stmt"/>
      <line num="25" count="3" type="cond" truecount="2" falsecount="0"/>
      <line num="27" count="3" type="stmt"/>
      <line num="28" count="3" type="stmt"/>
      <line num="29" count="3" type="stmt"/>
      <line num="31" count="3" type="stmt"/>
      <line num="33" count="3" type="stmt"/>
      <line num="34" count="28" type="stmt"/>
      <line num="35" count="28" type="stmt"/>
      <line num="37" count="28" type="cond" truecount="2" falsecount="0"/>
      <line num="38" count="11" type="stmt"/>
      <line num="39" count="40" type="stmt"/>
      <line num="40" count="17" type="cond" truecount="1" falsecount="0"/>
      <line num="41" count="71" type="stmt"/>
      <line num="44" count="28" type="cond" truecount="1" falsecount="0"/>
      <line num="45" count="28" type="stmt"/>
      <line num="46" count="25" type="stmt"/>
      <line num="51" count="3" type="stmt"/>
    </file>
  </project>
</coverage>
