{"C:\\Users\\esecr\\Documents\\interview-problems-public\\tree-node\\src\\util\\treeUtils.ts": {"path":"C:\\Users\\esecr\\Documents\\interview-problems-public\\tree-node\\src\\util\\treeUtils.ts","statementMap":{"0":{"start":{"line":16,"column":2},"end":{"line":16,"column":16}},"1":{"start":{"line":14,"column":0},"end":{"line":14,"column":7}}},"fnMap":{"0":{"name":"traverseTree","decl":{"start":{"line":14,"column":22},"end":{"line":14,"column":34}},"loc":{"start":{"line":14,"column":48},"end":{"line":17,"column":1}}}},"branchMap":{},"s":{"0":2,"1":1},"f":{"0":2},"b":{}}
}
