{"C:\\Users\\esecr\\Documents\\interview-problems-public\\tree-node\\src\\util\\treeUtils.ts": {"path":"C:\\Users\\esecr\\Documents\\interview-problems-public\\tree-node\\src\\util\\treeUtils.ts","statementMap":{"0":{"start":{"line":25,"column":30},"end":{"line":25,"column":32}},"1":{"start":{"line":26,"column":17},"end":{"line":26,"column":18}},"2":{"start":{"line":27,"column":26},"end":{"line":27,"column":28}},"3":{"start":{"line":29,"column":2},"end":{"line":31,"column":null}},"4":{"start":{"line":30,"column":4},"end":{"line":30,"column":23}},"5":{"start":{"line":33,"column":2},"end":{"line":49,"column":null}},"6":{"start":{"line":34,"column":24},"end":{"line":34,"column":38}},"7":{"start":{"line":35,"column":24},"end":{"line":35,"column":59}},"8":{"start":{"line":37,"column":4},"end":{"line":42,"column":null}},"9":{"start":{"line":38,"column":6},"end":{"line":38,"column":36}},"10":{"start":{"line":39,"column":6},"end":{"line":39,"column":51}},"11":{"start":{"line":39,"column":39},"end":{"line":39,"column":48}},"12":{"start":{"line":40,"column":11},"end":{"line":42,"column":null}},"13":{"start":{"line":41,"column":6},"end":{"line":41,"column":53}},"14":{"start":{"line":41,"column":41},"end":{"line":41,"column":50}},"15":{"start":{"line":44,"column":4},"end":{"line":48,"column":null}},"16":{"start":{"line":45,"column":6},"end":{"line":47,"column":null}},"17":{"start":{"line":46,"column":8},"end":{"line":46,"column":44}},"18":{"start":{"line":51,"column":2},"end":{"line":51,"column":15}},"19":{"start":{"line":24,"column":0},"end":{"line":24,"column":7}}},"fnMap":{"0":{"name":"traverseTree","decl":{"start":{"line":24,"column":22},"end":{"line":24,"column":34}},"loc":{"start":{"line":24,"column":50},"end":{"line":52,"column":1}}},"1":{"name":"(anonymous_1)","decl":{"start":{"line":39,"column":31},"end":{"line":39,"column":35}},"loc":{"start":{"line":39,"column":39},"end":{"line":39,"column":48}}},"2":{"name":"(anonymous_2)","decl":{"start":{"line":41,"column":33},"end":{"line":41,"column":37}},"loc":{"start":{"line":41,"column":41},"end":{"line":41,"column":50}}}},"branchMap":{"0":{"loc":{"start":{"line":29,"column":2},"end":{"line":31,"column":null}},"type":"if","locations":[{"start":{"line":29,"column":2},"end":{"line":31,"column":null}}]},"1":{"loc":{"start":{"line":37,"column":4},"end":{"line":42,"column":null}},"type":"if","locations":[{"start":{"line":37,"column":4},"end":{"line":42,"column":null}},{"start":{"line":40,"column":11},"end":{"line":42,"column":null}}]},"2":{"loc":{"start":{"line":40,"column":11},"end":{"line":42,"column":null}},"type":"if","locations":[{"start":{"line":40,"column":11},"end":{"line":42,"column":null}}]},"3":{"loc":{"start":{"line":44,"column":4},"end":{"line":48,"column":null}},"type":"if","locations":[{"start":{"line":44,"column":4},"end":{"line":48,"column":null}}]}},"s":{"0":2,"1":2,"2":2,"3":2,"4":2,"5":2,"6":25,"7":25,"8":25,"9":9,"10":9,"11":37,"12":16,"13":16,"14":69,"15":25,"16":24,"17":23,"18":2,"19":1},"f":{"0":2,"1":37,"2":69},"b":{"0":[2],"1":[9,16],"2":[16],"3":[24]}}
}
