TN:
SF:tree-node\src\api\controller.ts
FN:4,controller
FNF:1
FNH:1
FNDA:3,controller
DA:1,1
DA:4,1
DA:5,3
DA:7,3
DA:8,1
DA:9,1
DA:12,2
DA:13,1
DA:14,1
DA:17,1
DA:18,1
DA:19,1
DA:21,0
DA:22,0
LF:14
LH:12
BRDA:7,0,0,1
BRDA:12,1,0,1
BRDA:12,2,0,2
BRDA:12,2,1,1
BRDA:12,2,2,1
BRF:5
BRH:5
end_of_record
TN:
SF:tree-node\src\util\treeUtils.ts
FN:20,traverseTree
FN:39,(anonymous_1)
FN:41,(anonymous_2)
FNF:3
FNH:3
FNDA:3,traverseTree
FNDA:40,(anonymous_1)
FNDA:71,(anonymous_2)
DA:20,2
DA:21,3
DA:22,0
DA:25,3
DA:27,3
DA:28,3
DA:29,3
DA:31,3
DA:33,3
DA:34,28
DA:35,28
DA:37,28
DA:38,11
DA:39,40
DA:40,17
DA:41,71
DA:44,28
DA:45,28
DA:46,25
DA:51,3
LF:20
LH:19
BRDA:21,0,0,0
BRDA:25,1,0,3
BRDA:25,1,1,1
BRDA:37,2,0,11
BRDA:37,2,1,17
BRDA:40,3,0,17
BRDA:44,4,0,28
BRF:7
BRH:6
end_of_record
