TN:
SF:tree-node\src\api\controller.ts
FN:4,controller
FNF:1
FNH:1
FNDA:3,controller
DA:1,1
DA:4,1
DA:5,3
DA:7,3
DA:8,1
DA:9,1
DA:12,2
DA:13,1
DA:14,1
DA:17,1
DA:18,1
DA:19,1
DA:21,0
LF:13
LH:12
BRDA:7,0,0,1
BRDA:12,1,0,1
BRDA:12,2,0,2
BRDA:12,2,1,1
BRDA:12,2,2,1
BRF:5
BRH:5
end_of_record
TN:
SF:tree-node\src\util\treeUtils.ts
FN:20,traverseTree
FN:39,(anonymous_1)
FN:41,(anonymous_2)
FNF:3
FNH:3
FNDA:5,traverseTree
FNDA:116,(anonymous_1)
FNDA:206,(anonymous_2)
DA:20,2
DA:21,5
DA:22,0
DA:25,5
DA:27,5
DA:28,5
DA:29,5
DA:31,5
DA:33,5
DA:34,77
DA:35,77
DA:37,77
DA:38,27
DA:39,116
DA:40,50
DA:41,206
DA:44,77
DA:45,77
DA:46,72
DA:51,5
LF:20
LH:19
BRDA:21,0,0,0
BRDA:25,1,0,5
BRDA:25,1,1,1
BRDA:37,2,0,27
BRDA:37,2,1,50
BRDA:40,3,0,50
BRDA:44,4,0,77
BRF:7
BRH:6
end_of_record
